# JRE version: OpenJDK Runtime Environment (24.0+36) (build 24+36-3646)
# Java VM: OpenJDK 64-Bit Server VM (24+36-3646, mixed mode, emulated-client, sharing, tiered, compressed oops, compressed class ptrs, g1 gc, windows-amd64)
GC Precious Log:
 CardTable entry size: 512
 Card Set container configuration: InlinePtr #cards 4 size 8 Array Of Cards #cards 32 size 80 Howl #buckets 8 coarsen threshold 7372 Howl Bitmap #cards 1024 size 144 coarsen threshold 921 Card regions per heap region 1 cards per card region 8192
 CPUs: 22 total, 22 available
 Memory: 32212M
 Large Page Support: Disabled
 NUMA Support: Disabled
 Compressed Oops: Enabled (Zero based)
 Heap Region Size: 4M
 Heap Min Capacity: 8M
 Heap Initial Capacity: 504M
 Heap Max Capacity: 8056M
 Pre-touch: Disabled
 Parallel Workers: 16
 Concurrent Workers: 4
 Concurrent Refinement Workers: 16
 Periodic GC: Disabled
Heap:
 garbage-first heap   total reserved 8249344K, committed 98304K, used 87164K [0x0000000608800000, 0x0000000800000000)
  region size 4096K, 18 young (73728K), 1 survivors (4096K)
 Metaspace       used 59013K, committed 59584K, reserved 1114112K
  class space    used 6604K, committed 6848K, reserved 1048576K
GC Heap History (16 events):
Event: 0.590 GC heap before
{Heap before GC invocations=0 (full 0):
 garbage-first heap   total reserved 8249344K, committed 520192K, used 50288K [0x0000000608800000, 0x0000000800000000)
  region size 4096K, 12 young (49152K), 0 survivors (0K)
 Metaspace       used 10351K, committed 10624K, reserved 1114112K
  class space    used 1160K, committed 1280K, reserved 1048576K
}
Event: 0.594 GC heap after
{Heap after GC invocations=1 (full 0):
 garbage-first heap   total reserved 8249344K, committed 520192K, used 10619K [0x0000000608800000, 0x0000000800000000)
  region size 4096K, 2 young (8192K), 2 survivors (8192K)
 Metaspace       used 10351K, committed 10624K, reserved 1114112K
  class space    used 1160K, committed 1280K, reserved 1048576K
}
Event: 0.711 GC heap before
{Heap before GC invocations=1 (full 0):
 garbage-first heap   total reserved 8249344K, committed 520192K, used 27003K [0x0000000608800000, 0x0000000800000000)
  region size 4096K, 7 young (28672K), 2 survivors (8192K)
 Metaspace       used 15262K, committed 15552K, reserved 1114112K
  class space    used 1650K, committed 1792K, reserved 1048576K
}
Event: 0.713 GC heap after
{Heap after GC invocations=2 (full 0):
 garbage-first heap   total reserved 8249344K, committed 520192K, used 14436K [0x0000000608800000, 0x0000000800000000)
  region size 4096K, 3 young (12288K), 3 survivors (12288K)
 Metaspace       used 15262K, committed 15552K, reserved 1114112K
  class space    used 1650K, committed 1792K, reserved 1048576K
}
Event: 1.078 GC heap before
{Heap before GC invocations=3 (full 0):
 garbage-first heap   total reserved 8249344K, committed 81920K, used 71780K [0x0000000608800000, 0x0000000800000000)
  region size 4096K, 17 young (69632K), 3 survivors (12288K)
 Metaspace       used 21670K, committed 22016K, reserved 1114112K
  class space    used 2332K, committed 2496K, reserved 1048576K
}
Event: 1.084 GC heap after
{Heap after GC invocations=4 (full 0):
 garbage-first heap   total reserved 8249344K, committed 102400K, used 17771K [0x0000000608800000, 0x0000000800000000)
  region size 4096K, 4 young (16384K), 4 survivors (16384K)
 Metaspace       used 21670K, committed 22016K, reserved 1114112K
  class space    used 2332K, committed 2496K, reserved 1048576K
}
Event: 1.464 GC heap before
{Heap before GC invocations=4 (full 0):
 garbage-first heap   total reserved 8249344K, committed 102400K, used 62827K [0x0000000608800000, 0x0000000800000000)
  region size 4096K, 15 young (61440K), 4 survivors (16384K)
 Metaspace       used 25580K, committed 25920K, reserved 1114112K
  class space    used 2825K, committed 2944K, reserved 1048576K
}
Event: 1.474 GC heap after
{Heap after GC invocations=5 (full 0):
 garbage-first heap   total reserved 8249344K, committed 102400K, used 18888K [0x0000000608800000, 0x0000000800000000)
  region size 4096K, 1 young (4096K), 1 survivors (4096K)
 Metaspace       used 25580K, committed 25920K, reserved 1114112K
  class space    used 2825K, committed 2944K, reserved 1048576K
}
Event: 1.485 GC heap before
{Heap before GC invocations=5 (full 0):
 garbage-first heap   total reserved 8249344K, committed 102400K, used 18888K [0x0000000608800000, 0x0000000800000000)
  region size 4096K, 2 young (8192K), 1 survivors (4096K)
 Metaspace       used 25722K, committed 26048K, reserved 1114112K
  class space    used 2838K, committed 3008K, reserved 1048576K
}
Event: 1.488 GC heap after
{Heap after GC invocations=6 (full 0):
 garbage-first heap   total reserved 8249344K, committed 102400K, used 18872K [0x0000000608800000, 0x0000000800000000)
  region size 4096K, 1 young (4096K), 1 survivors (4096K)
 Metaspace       used 25722K, committed 26048K, reserved 1114112K
  class space    used 2838K, committed 3008K, reserved 1048576K
}
Event: 2.102 GC heap before
{Heap before GC invocations=7 (full 0):
 garbage-first heap   total reserved 8249344K, committed 81920K, used 72120K [0x0000000608800000, 0x0000000800000000)
  region size 4096K, 14 young (57344K), 1 survivors (4096K)
 Metaspace       used 33368K, committed 33792K, reserved 1114112K
  class space    used 3750K, committed 3904K, reserved 1048576K
}
Event: 2.109 GC heap after
{Heap after GC invocations=8 (full 0):
 garbage-first heap   total reserved 8249344K, committed 86016K, used 22637K [0x0000000608800000, 0x0000000800000000)
  region size 4096K, 2 young (8192K), 2 survivors (8192K)
 Metaspace       used 33368K, committed 33792K, reserved 1114112K
  class space    used 3750K, committed 3904K, reserved 1048576K
}
Event: 2.502 GC heap before
{Heap before GC invocations=8 (full 0):
 garbage-first heap   total reserved 8249344K, committed 86016K, used 63597K [0x0000000608800000, 0x0000000800000000)
  region size 4096K, 12 young (49152K), 2 survivors (8192K)
 Metaspace       used 39948K, committed 40448K, reserved 1114112K
  class space    used 4514K, committed 4736K, reserved 1048576K
}
Event: 2.512 GC heap after
{Heap after GC invocations=9 (full 0):
 garbage-first heap   total reserved 8249344K, committed 86016K, used 24696K [0x0000000608800000, 0x0000000800000000)
  region size 4096K, 2 young (8192K), 2 survivors (8192K)
 Metaspace       used 39948K, committed 40448K, reserved 1114112K
  class space    used 4514K, committed 4736K, reserved 1048576K
}
Event: 2.680 GC heap before
{Heap before GC invocations=9 (full 0):
 garbage-first heap   total reserved 8249344K, committed 86016K, used 36984K [0x0000000608800000, 0x0000000800000000)
  region size 4096K, 6 young (24576K), 2 survivors (8192K)
 Metaspace       used 43295K, committed 43776K, reserved 1114112K
  class space    used 4853K, committed 5056K, reserved 1048576K
}
Event: 2.688 GC heap after
{Heap after GC invocations=10 (full 0):
 garbage-first heap   total reserved 8249344K, committed 303104K, used 25724K [0x0000000608800000, 0x0000000800000000)
  region size 4096K, 1 young (4096K), 1 survivors (4096K)
 Metaspace       used 43295K, committed 43776K, reserved 1114112K
  class space    used 4853K, committed 5056K, reserved 1048576K
}

